<?xml version="1.0" encoding="UTF-8"?>
<!-- Generated by org.testng.reporters.JUnitReportReporter -->
<testsuite hostname="DESKTOP-VUHVFPU" failures="0" tests="1" name="CRUDOperationWithBDD.CreateProject" time="1.934" errors="0" timestamp="2022-11-07T17:54:41 IST" skipped="0">
  <testcase classname="CRUDOperationWithBDD.CreateProject" name="createProject" time="1.934"/>
  <system-out/>
</testsuite> <!-- CRUDOperationWithBDD.CreateProject -->
