<?xml version="1.0" encoding="UTF-8"?>
<!-- Generated by org.testng.reporters.JUnitReportReporter -->
<testsuite hostname="DESKTOP-VUHVFPU" failures="0" tests="1" name="RequestChaining.PostAndGetRequestForRequestChainingWithBDD" time="3.645" errors="0" timestamp="2022-11-10T13:25:48 IST" skipped="0">
  <testcase classname="RequestChaining.PostAndGetRequestForRequestChainingWithBDD" name="createAndGetRequestByVariable" time="3.645"/>
  <system-out/>
</testsuite> <!-- RequestChaining.PostAndGetRequestForRequestChainingWithBDD -->
