<?xml version="1.0" encoding="UTF-8"?>
<!-- Generated by org.testng.reporters.JUnitReportReporter -->
<testsuite hostname="DESKTOP-2UFR1BS" failures="0" tests="1" name="Siva.RedBus" time="62.343" errors="0" timestamp="2022-11-28T11:37:02 IST" skipped="0">
  <testcase classname="Siva.RedBus" name="bus" time="62.343"/>
  <system-out/>
</testsuite> <!-- Siva.RedBus -->
