<?xml version="1.0" encoding="UTF-8"?>
<!-- Generated by org.testng.reporters.JUnitReportReporter -->
<testsuite hostname="DESKTOP-VUHVFPU" failures="0" tests="1" name="Adhoc_TestCase.GetProjectAddingObjectProject" time="2.768" errors="0" timestamp="2022-11-04T16:37:57 IST" skipped="0">
  <testcase classname="Adhoc_TestCase.GetProjectAddingObjectProject" name="addProject" time="2.768"/>
  <system-out/>
</testsuite> <!-- Adhoc_TestCase.GetProjectAddingObjectProject -->
