<?xml version="1.0" encoding="UTF-8"?>
<!-- Generated by org.testng.reporters.JUnitReportReporter -->
<testsuite hostname="DESKTOP-2UFR1BS" failures="0" tests="1" name="Siva.window" time="8.891" errors="0" timestamp="2022-11-26T17:19:03 IST" skipped="0">
  <testcase classname="Siva.window" name="main" time="8.891"/>
  <system-out/>
</testsuite> <!-- Siva.window -->
