<?xml version="1.0" encoding="UTF-8"?>
<!-- Generated by org.testng.reporters.JUnitReportReporter -->
<testsuite hostname="DESKTOP-VUHVFPU" failures="0" tests="1" name="Assert.JsonValueCheck" time="4.533" errors="0" timestamp="2022-11-09T16:46:17 IST" skipped="0">
  <testcase classname="Assert.JsonValueCheck" name="validate" time="4.533"/>
  <system-out/>
</testsuite> <!-- Assert.JsonValueCheck -->
