<?xml version="1.0" encoding="UTF-8"?>
<!-- Generated by org.testng.reporters.JUnitReportReporter -->
<testsuite hostname="DESKTOP-VUHVFPU" failures="0" tests="1" name="Adhoc_TestCasesWithBDD.CreatePostForDiffDataTypes" time="1.761" errors="0" timestamp="2022-11-07T17:40:50 IST" skipped="0">
  <testcase classname="Adhoc_TestCasesWithBDD.CreatePostForDiffDataTypes" name="addProject" time="1.761"/>
  <system-out/>
</testsuite> <!-- Adhoc_TestCasesWithBDD.CreatePostForDiffDataTypes -->
