<?xml version="1.0" encoding="UTF-8"?>
<!-- Generated by org.testng.reporters.JUnitReportReporter -->
<testsuite hostname="DESKTOP-VUHVFPU" failures="0" tests="1" name="seralization.SerialisationOfEmployeeDetailsTwoSpouse" time="0.173" errors="0" timestamp="3 Nov 2022 11:01:35 GMT">
  <testcase classname="seralization.SerialisationOfEmployeeDetailsTwoSpouse" name="main" time="0.173"/>
</testsuite> <!-- seralization.SerialisationOfEmployeeDetailsTwoSpouse -->
