<?xml version="1.0" encoding="UTF-8"?>
<!-- Generated by org.testng.reporters.JUnitReportReporter -->
<testsuite hostname="DESKTOP-VUHVFPU" failures="0" tests="1" name="Authentication.BasicAuth" time="2.038" errors="0" timestamp="2022-11-10T15:52:10 IST" skipped="0">
  <testcase classname="Authentication.BasicAuth" name="basicAuth" time="2.038"/>
  <system-out/>
</testsuite> <!-- Authentication.BasicAuth -->
