<?xml version="1.0" encoding="UTF-8"?>
<!-- Generated by org.testng.reporters.JUnitReportReporter -->
<testsuite hostname="DESKTOP-2UFR1BS" failures="0" tests="1" name="Prem.CountOfDuplicateWithUnique" time="0.013" errors="0" timestamp="2022-12-02T17:23:41 IST" skipped="0">
  <testcase classname="Prem.CountOfDuplicateWithUnique" name="main1" time="0.013"/>
  <system-out/>
</testsuite> <!-- Prem.CountOfDuplicateWithUnique -->
