<?xml version="1.0" encoding="UTF-8"?>
<!-- Generated by org.testng.reporters.JUnitReportReporter -->
<testsuite hostname="DESKTOP-VUHVFPU" failures="0" tests="1" name="seralization.SeralizationOfEmployeedetailsInIntArrayTest" time="0.165" errors="0" timestamp="3 Nov 2022 10:06:31 GMT">
  <testcase classname="seralization.SeralizationOfEmployeedetailsInIntArrayTest" name="employeeIntArray" time="0.165"/>
</testsuite> <!-- seralization.SeralizationOfEmployeedetailsInIntArrayTest -->
