<?xml version="1.0" encoding="UTF-8"?>
<!-- Generated by org.testng.reporters.JUnitReportReporter -->
<testsuite hostname="DESKTOP-2UFR1BS" failures="0" tests="1" name="Prem.MakeMyTripSrch" time="111.404" errors="0" timestamp="2022-12-01T11:04:21 IST" skipped="0">
  <testcase classname="Prem.MakeMyTripSrch" name="main" time="111.404"/>
  <system-out/>
</testsuite> <!-- Prem.MakeMyTripSrch -->
