<?xml version="1.0" encoding="UTF-8"?>
<!-- Generated by org.testng.reporters.JUnitReportReporter -->
<testsuite hostname="DESKTOP-VUHVFPU" failures="0" tests="1" name="Assert.JsonPathStaticResponseBodyValidation" time="5.583" errors="0" timestamp="2022-11-09T17:26:42 IST" skipped="0">
  <testcase classname="Assert.JsonPathStaticResponseBodyValidation" name="validate" time="5.583"/>
  <system-out/>
</testsuite> <!-- Assert.JsonPathStaticResponseBodyValidation -->
