<?xml version="1.0" encoding="UTF-8"?>
<!-- Generated by org.testng.reporters.JUnitReportReporter -->
<testsuite hostname="DESKTOP-VUHVFPU" failures="0" tests="1" name="Parameters.PathParameters" time="1.681" errors="0" timestamp="2022-11-09T10:59:09 IST" skipped="0">
  <testcase classname="Parameters.PathParameters" name="pathParameters" time="1.681"/>
  <system-out/>
</testsuite> <!-- Parameters.PathParameters -->
