<?xml version="1.0" encoding="UTF-8"?>
<!-- Generated by org.testng.reporters.JUnitReportReporter -->
<testsuite hostname="DESKTOP-VUHVFPU" failures="0" tests="1" name="Parameters.PathParametersPut" time="2.009" errors="0" timestamp="2022-11-09T11:11:45 IST" skipped="0">
  <testcase classname="Parameters.PathParametersPut" name="pathParametersPut" time="2.009"/>
  <system-out/>
</testsuite> <!-- Parameters.PathParametersPut -->
