<?xml version="1.0" encoding="UTF-8"?>
<!-- Generated by org.testng.reporters.JUnitReportReporter -->
<testsuite hostname="DESKTOP-VUHVFPU" failures="0" tests="2" name="RequestChaining.PostRequestForRequestChaining" time="2.573" errors="0" timestamp="2022-11-10T12:48:17 IST" skipped="0">
  <testcase classname="RequestChaining.PostRequestForRequestChaining" name="CreateProjectByRequestChaining" time="2.489"/>
  <system-out/>
  <testcase classname="RequestChaining.PostRequestForRequestChaining" name="getProjectByRequestChaining" time="0.084"/>
  <system-out/>
</testsuite> <!-- RequestChaining.PostRequestForRequestChaining -->
