<?xml version="1.0" encoding="UTF-8"?>
<!-- Generated by org.testng.reporters.JUnitReportReporter -->
<testsuite hostname="DESKTOP-VUHVFPU" failures="0" tests="4" name="DataProvider.GetDatafromExcel" time="2.683" errors="0" timestamp="2022-11-09T12:16:38 IST" skipped="0">
  <testcase classname="DataProvider.GetDatafromExcel" name="createMultipleData" time="1.829"/>
  <system-out/>
  <testcase classname="DataProvider.GetDatafromExcel" name="createMultipleData" time="0.310"/>
  <system-out/>
  <testcase classname="DataProvider.GetDatafromExcel" name="createMultipleData" time="0.246"/>
  <system-out/>
  <testcase classname="DataProvider.GetDatafromExcel" name="createMultipleData" time="0.298"/>
  <system-out/>
</testsuite> <!-- DataProvider.GetDatafromExcel -->
