<?xml version="1.0" encoding="UTF-8"?>
<!-- Generated by org.testng.reporters.JUnitReportReporter -->
<testsuite hostname="DESKTOP-VUHVFPU" failures="0" tests="1" name="CRUDoperationwithoutBDDApproach.UpdateProjectTest" time="1.935" errors="0" timestamp="2022-11-04T15:11:04 IST" skipped="0">
  <testcase classname="CRUDoperationwithoutBDDApproach.UpdateProjectTest" name="updateProject" time="1.935"/>
  <system-out/>
</testsuite> <!-- CRUDoperationwithoutBDDApproach.UpdateProjectTest -->
