<?xml version="1.0" encoding="UTF-8"?>
<!-- Generated by org.testng.reporters.JUnitReportReporter -->
<testsuite hostname="DESKTOP-VUHVFPU" failures="0" tests="1" name="EndToEndScenarios.Test2Test" time="41.727" errors="0" timestamp="2022-11-16T10:20:39 IST" skipped="0">
  <testcase classname="EndToEndScenarios.Test2Test" name="createProject" time="41.727"/>
  <system-out/>
</testsuite> <!-- EndToEndScenarios.Test2Test -->
