<?xml version="1.0" encoding="UTF-8"?>
<!-- Generated by org.testng.reporters.JUnitReportReporter -->
<testsuite hostname="DESKTOP-VUHVFPU" failures="0" tests="1" name="Deserialization.DeserializationofEmployeedetailsTest" time="0.189" errors="0" timestamp="3 Nov 2022 11:17:39 GMT">
  <testcase classname="Deserialization.DeserializationofEmployeedetailsTest" name="main" time="0.189"/>
</testsuite> <!-- Deserialization.DeserializationofEmployeedetailsTest -->
