<?xml version="1.0" encoding="UTF-8"?>
<!-- Generated by org.testng.reporters.JUnitReportReporter -->
<testsuite hostname="DESKTOP-VUHVFPU" failures="0" tests="1" name="Deserialization.DeserializationOfEmployeedetailsinSpouseObject" time="0.266" errors="1" timestamp="2022-11-09T15:37:06 IST" skipped="0">
  <testcase classname="Deserialization.DeserializationOfEmployeedetailsinSpouseObject" name="deserialise" time="0.266">
    <error message="No suitable constructor found for type [simple type, class POJOclassforParsing.EmployeesdetailsWithTwoSpouse]: can not instantiate from JSON object (need to add/enable type information?)
 at [Source: .\EmployeedetailsTwospouse.json; line: 1, column: 2]" type="org.codehaus.jackson.map.JsonMappingException">
      <![CDATA[org.codehaus.jackson.map.JsonMappingException: No suitable constructor found for type [simple type, class POJOclassforParsing.EmployeesdetailsWithTwoSpouse]: can not instantiate from JSON object (need to add/enable type information?)
 at [Source: .\EmployeedetailsTwospouse.json; line: 1, column: 2]
at org.codehaus.jackson.map.JsonMappingException.from(JsonMappingException.java:163)
at org.codehaus.jackson.map.deser.BeanDeserializer.deserializeFromObjectUsingNonDefault(BeanDeserializer.java:746)
at org.codehaus.jackson.map.deser.BeanDeserializer.deserializeFromObject(BeanDeserializer.java:683)
at org.codehaus.jackson.map.deser.BeanDeserializer.deserialize(BeanDeserializer.java:580)
at org.codehaus.jackson.map.ObjectMapper._readMapAndClose(ObjectMapper.java:2732)
at org.codehaus.jackson.map.ObjectMapper.readValue(ObjectMapper.java:1817)
at Deserialization.DeserializationOfEmployeedetailsinSpouseObject.deserialise(DeserializationOfEmployeedetailsinSpouseObject.java:21)
at java.base/jdk.internal.reflect.NativeMethodAccessorImpl.invoke0(Native Method)
at java.base/jdk.internal.reflect.NativeMethodAccessorImpl.invoke(NativeMethodAccessorImpl.java:77)
at java.base/jdk.internal.reflect.DelegatingMethodAccessorImpl.invoke(DelegatingMethodAccessorImpl.java:43)
at java.base/java.lang.reflect.Method.invoke(Method.java:568)
at org.testng.internal.MethodInvocationHelper.invokeMethod(MethodInvocationHelper.java:134)
at org.testng.internal.TestInvoker.invokeMethod(TestInvoker.java:597)
at org.testng.internal.TestInvoker.invokeTestMethod(TestInvoker.java:173)
at org.testng.internal.MethodRunner.runInSequence(MethodRunner.java:46)
at org.testng.internal.TestInvoker$MethodInvocationAgent.invoke(TestInvoker.java:816)
at org.testng.internal.TestInvoker.invokeTestMethods(TestInvoker.java:146)
at org.testng.internal.TestMethodWorker.invokeTestMethods(TestMethodWorker.java:146)
at org.testng.internal.TestMethodWorker.run(TestMethodWorker.java:128)
at java.base/java.util.ArrayList.forEach(ArrayList.java:1511)
at org.testng.TestRunner.privateRun(TestRunner.java:766)
at org.testng.TestRunner.run(TestRunner.java:587)
at org.testng.SuiteRunner.runTest(SuiteRunner.java:384)
at org.testng.SuiteRunner.runSequentially(SuiteRunner.java:378)
at org.testng.SuiteRunner.privateRun(SuiteRunner.java:337)
at org.testng.SuiteRunner.run(SuiteRunner.java:286)
at org.testng.SuiteRunnerWorker.runSuite(SuiteRunnerWorker.java:53)
at org.testng.SuiteRunnerWorker.run(SuiteRunnerWorker.java:96)
at org.testng.TestNG.runSuitesSequentially(TestNG.java:1187)
at org.testng.TestNG.runSuitesLocally(TestNG.java:1109)
at org.testng.TestNG.runSuites(TestNG.java:1039)
at org.testng.TestNG.run(TestNG.java:1007)
at org.testng.remote.AbstractRemoteTestNG.run(AbstractRemoteTestNG.java:115)
at org.testng.remote.RemoteTestNG.initAndRun(RemoteTestNG.java:251)
at org.testng.remote.RemoteTestNG.main(RemoteTestNG.java:77)
]]>
    </error>
  </testcase> <!-- deserialise -->
  <system-out/>
</testsuite> <!-- Deserialization.DeserializationOfEmployeedetailsinSpouseObject -->
