<?xml version="1.0" encoding="UTF-8"?>
<!-- Generated by org.testng.reporters.JUnitReportReporter -->
<testsuite hostname="DESKTOP-2UFR1BS" failures="0" tests="1" name="Prem.ArrayRotationProgram" time="0.015" errors="0" timestamp="2022-12-01T12:09:19 IST" skipped="0">
  <testcase classname="Prem.ArrayRotationProgram" name="main" time="0.015"/>
  <system-out/>
</testsuite> <!-- Prem.ArrayRotationProgram -->
