<?xml version="1.0" encoding="UTF-8"?>
<!-- Generated by org.testng.reporters.JUnitReportReporter -->
<testsuite hostname="DESKTOP-VUHVFPU" failures="0" tests="1" name="Deserialization.DeserializationOfempoloyeedetailsinIntArrayTest" time="0.241" errors="0" timestamp="3 Nov 2022 15:13:36 GMT">
  <testcase classname="Deserialization.DeserializationOfempoloyeedetailsinIntArrayTest" name="main" time="0.241"/>
</testsuite> <!-- Deserialization.DeserializationOfempoloyeedetailsinIntArrayTest -->
