<?xml version="1.0" encoding="UTF-8"?>
<!-- Generated by org.testng.reporters.JUnitReportReporter -->
<testsuite hostname="DESKTOP-2UFR1BS" failures="0" tests="1" name="Siva.OneChildOpen" time="13.512" errors="0" timestamp="2022-11-26T17:42:01 IST" skipped="0">
  <testcase classname="Siva.OneChildOpen" name="main" time="13.512"/>
  <system-out/>
</testsuite> <!-- Siva.OneChildOpen -->
