<?xml version="1.0" encoding="UTF-8"?>
<!-- Generated by org.testng.reporters.JUnitReportReporter -->
<testsuite hostname="DESKTOP-VUHVFPU" failures="0" tests="1" name="Deserialization.DeseralizationOfEmpoloyeedetailsinStringArray" time="0.267" errors="0" timestamp="2022-11-09T13:25:32 IST" skipped="0">
  <testcase classname="Deserialization.DeseralizationOfEmpoloyeedetailsinStringArray" name="main" time="0.267"/>
  <system-out/>
</testsuite> <!-- Deserialization.DeseralizationOfEmpoloyeedetailsinStringArray -->
