<?xml version="1.0" encoding="UTF-8"?>
<!-- Generated by org.testng.reporters.JUnitReportReporter -->
<testsuite hostname="DESKTOP-2UFR1BS" failures="0" tests="1" name="Prem.BookMyShow" time="85.199" errors="0" timestamp="2022-12-01T15:36:34 IST" skipped="0">
  <testcase classname="Prem.BookMyShow" name="main" time="85.199"/>
  <system-out/>
</testsuite> <!-- Prem.BookMyShow -->
