<?xml version="1.0" encoding="UTF-8"?>
<!-- Generated by org.testng.reporters.JUnitReportReporter -->
<testsuite hostname="DESKTOP-VUHVFPU" failures="0" tests="1" name="DifferentWayToPostBody.AddProjectByPOJOClass" time="2.077" errors="0" timestamp="2022-11-07T16:23:36 IST" skipped="0">
  <testcase classname="DifferentWayToPostBody.AddProjectByPOJOClass" name="createProjectByPOJO" time="2.077"/>
  <system-out/>
</testsuite> <!-- DifferentWayToPostBody.AddProjectByPOJOClass -->
