<?xml version="1.0" encoding="UTF-8"?>
<!-- Generated by org.testng.reporters.JUnitReportReporter -->
<testsuite hostname="DESKTOP-2UFR1BS" failures="0" tests="1" name="Prem.MakemyTrip1" time="103.176" errors="0" timestamp="2022-11-29T23:56:42 IST" skipped="0">
  <testcase classname="Prem.MakemyTrip1" name="main" time="103.176"/>
  <system-out/>
</testsuite> <!-- Prem.MakemyTrip1 -->
