<?xml version="1.0" encoding="UTF-8"?>
<!-- Generated by org.testng.reporters.JUnitReportReporter -->
<testsuite hostname="DESKTOP-VUHVFPU" failures="0" tests="1" name="DifferentWayToPostBody.AddProjectByJsonFile" time="2.092" errors="0" timestamp="2022-11-07T16:06:53 IST" skipped="0">
  <testcase classname="DifferentWayToPostBody.AddProjectByJsonFile" name="createProjectByJsonFile" time="2.092"/>
  <system-out/>
</testsuite> <!-- DifferentWayToPostBody.AddProjectByJsonFile -->
