<?xml version="1.0" encoding="UTF-8"?>
<!-- Generated by org.testng.reporters.JUnitReportReporter -->
<testsuite hostname="DESKTOP-VUHVFPU" failures="0" tests="1" name="HashMap.AddProject" time="2.066" errors="0" timestamp="2022-11-07T15:08:44 IST" skipped="0">
  <testcase classname="HashMap.AddProject" name="createProject" time="2.066"/>
  <system-out/>
</testsuite> <!-- HashMap.AddProject -->
