<?xml version="1.0" encoding="UTF-8"?>
<!-- Generated by org.testng.reporters.JUnitReportReporter -->
<testsuite hostname="DESKTOP-VUHVFPU" failures="0" tests="1" name="Parameters.QueryParameterGet" time="42.989" errors="0" timestamp="2022-11-09T11:39:46 IST" skipped="0">
  <testcase classname="Parameters.QueryParameterGet" name="queryParameterGet" time="42.989"/>
  <system-out/>
</testsuite> <!-- Parameters.QueryParameterGet -->
