<?xml version="1.0" encoding="UTF-8"?>
<!-- Generated by org.testng.reporters.JUnitReportReporter -->
<testsuite hostname="DESKTOP-VUHVFPU" failures="0" tests="1" name="DifferentWayToPostBody.AddprojectByJsonObject" time="2.404" errors="0" timestamp="2022-11-07T16:16:01 IST" skipped="0">
  <testcase classname="DifferentWayToPostBody.AddprojectByJsonObject" name="createProjectByJsonObject" time="2.404"/>
  <system-out/>
</testsuite> <!-- DifferentWayToPostBody.AddprojectByJsonObject -->
