<?xml version="1.0" encoding="UTF-8"?>
<!-- Generated by org.testng.reporters.JUnitReportReporter -->
<testsuite hostname="DESKTOP-VUHVFPU" failures="0" tests="1" name="Authentication.OAuth2_0" time="9.242" errors="0" timestamp="2022-11-11T13:22:50 IST" skipped="0">
  <testcase classname="Authentication.OAuth2_0" name="oauthAuthentication" time="9.242"/>
  <system-out/>
</testsuite> <!-- Authentication.OAuth2_0 -->
