<?xml version="1.0" encoding="UTF-8"?>
<!-- Generated by org.testng.reporters.JUnitReportReporter -->
<testsuite hostname="DESKTOP-VUHVFPU" failures="0" tests="1" name="JsonPath.JsonPathDynamicResponseBodyValidation" time="2.424" errors="0" timestamp="2022-11-10T11:26:11 IST" skipped="0">
  <testcase classname="JsonPath.JsonPathDynamicResponseBodyValidation" name="dynamicValidate2" time="2.424"/>
  <system-out/>
</testsuite> <!-- JsonPath.JsonPathDynamicResponseBodyValidation -->
