<?xml version="1.0" encoding="UTF-8"?>
<!-- Generated by org.testng.reporters.JUnitReportReporter -->
<testsuite hostname="DESKTOP-2UFR1BS" failures="0" tests="1" name="Prem.MakeMyTripSearch" time="141.005" errors="0" timestamp="2022-11-30T17:12:08 IST" skipped="0">
  <testcase classname="Prem.MakeMyTripSearch" name="main" time="141.005"/>
  <system-out/>
</testsuite> <!-- Prem.MakeMyTripSearch -->
