<?xml version="1.0" encoding="UTF-8"?>
<!-- Generated by org.testng.reporters.JUnitReportReporter -->
<testsuite hostname="DESKTOP-VUHVFPU" failures="0" tests="3" name="DataProvider.Dataprovider" time="3.367" errors="0" timestamp="2022-11-08T13:05:31 IST" skipped="0">
  <testcase classname="DataProvider.Dataprovider" name="createMultipleData" time="0.248"/>
  <system-out/>
  <testcase classname="DataProvider.Dataprovider" name="createMultipleData" time="0.244"/>
  <system-out/>
  <testcase classname="DataProvider.Dataprovider" name="createMultipleData" time="2.875"/>
  <system-out/>
</testsuite> <!-- DataProvider.Dataprovider -->
