<?xml version="1.0" encoding="UTF-8"?>
<!-- Generated by org.testng.reporters.JUnitReportReporter -->
<testsuite hostname="DESKTOP-VUHVFPU" failures="0" tests="1" name="Adhoc_TestCase.AddProjectwithdiffDataTypes" time="1.899" errors="0" timestamp="2022-11-04T16:10:45 IST" skipped="0">
  <testcase classname="Adhoc_TestCase.AddProjectwithdiffDataTypes" name="addProject" time="1.899"/>
  <system-out/>
</testsuite> <!-- Adhoc_TestCase.AddProjectwithdiffDataTypes -->
