<?xml version="1.0" encoding="UTF-8"?>
<!-- Generated by org.testng.reporters.JUnitReportReporter -->
<testsuite hostname="DESKTOP-2UFR1BS" failures="0" tests="1" name="Prem.OccuranceOfDigit" time="0.017" errors="0" timestamp="2022-12-02T18:01:28 IST" skipped="0">
  <testcase classname="Prem.OccuranceOfDigit" name="main" time="0.017"/>
  <system-out/>
</testsuite> <!-- Prem.OccuranceOfDigit -->
