<?xml version="1.0" encoding="UTF-8"?>
<!-- Generated by org.testng.reporters.JUnitReportReporter -->
<testsuite hostname="DESKTOP-VUHVFPU" failures="0" tests="1" name="Parameters.PathParametersGet" time="1.821" errors="0" timestamp="2022-11-09T11:04:42 IST" skipped="0">
  <testcase classname="Parameters.PathParametersGet" name="pathParameters" time="1.821"/>
  <system-out/>
</testsuite> <!-- Parameters.PathParametersGet -->
