<?xml version="1.0" encoding="UTF-8"?>
<!-- Generated by org.testng.reporters.JUnitReportReporter -->
<testsuite hostname="DESKTOP-2UFR1BS" failures="0" tests="1" name="Prem.DataBaseValidation" time="5.626" errors="0" timestamp="2022-11-30T14:54:46 IST" skipped="0">
  <testcase classname="Prem.DataBaseValidation" name="main" time="5.626"/>
  <system-out/>
</testsuite> <!-- Prem.DataBaseValidation -->
