<?xml version="1.0" encoding="UTF-8"?>
<!-- Generated by org.testng.reporters.JUnitReportReporter -->
<testsuite hostname="DESKTOP-VUHVFPU" failures="0" tests="1" name="CRUDOperationWithBDD.GetOneProject" time="2.176" errors="0" timestamp="2022-11-07T12:50:44 IST" skipped="0">
  <testcase classname="CRUDOperationWithBDD.GetOneProject" name="getOneProject" time="2.176"/>
  <system-out/>
</testsuite> <!-- CRUDOperationWithBDD.GetOneProject -->
