<?xml version="1.0" encoding="UTF-8"?>
<!-- Generated by org.testng.reporters.JUnitReportReporter -->
<testsuite hostname="DESKTOP-VUHVFPU" failures="0" tests="1" name="Deserialization.DeserializationOfEmployeedetailsinObject" time="0.159" errors="0" timestamp="3 Nov 2022 15:37:35 GMT">
  <testcase classname="Deserialization.DeserializationOfEmployeedetailsinObject" name="main" time="0.159"/>
</testsuite> <!-- Deserialization.DeserializationOfEmployeedetailsinObject -->
