<?xml version="1.0" encoding="UTF-8"?>
<!-- Generated by org.testng.reporters.JUnitReportReporter -->
<testsuite hostname="DESKTOP-2UFR1BS" failures="0" tests="1" name="Siva.Window1" time="13.834" errors="0" timestamp="2022-11-26T17:37:45 IST" skipped="0">
  <testcase classname="Siva.Window1" name="main" time="13.834"/>
  <system-out/>
</testsuite> <!-- Siva.Window1 -->
