<?xml version="1.0" encoding="UTF-8"?>
<!-- Generated by org.testng.reporters.JUnitReportReporter -->
<testsuite hostname="DESKTOP-VUHVFPU" failures="0" tests="1" name="Authentication.BearerToken" time="6.185" errors="0" timestamp="2022-11-11T11:01:07 IST" skipped="0">
  <testcase classname="Authentication.BearerToken" name="bearerToken" time="6.185"/>
  <system-out/>
</testsuite> <!-- Authentication.BearerToken -->
