<?xml version="1.0" encoding="UTF-8"?>
<!-- Generated by org.testng.reporters.JUnitReportReporter -->
<testsuite hostname="DESKTOP-VUHVFPU" failures="0" tests="1" name="seralization.SeralizationOfemployeedetailsInStringArray" time="0.181" errors="0" timestamp="3 Nov 2022 10:20:41 GMT">
  <testcase classname="seralization.SeralizationOfemployeedetailsInStringArray" name="employeedetailsinstringarray" time="0.181"/>
</testsuite> <!-- seralization.SeralizationOfemployeedetailsInStringArray -->
