<?xml version="1.0" encoding="UTF-8"?>
<!-- Generated by org.testng.reporters.JUnitReportReporter -->
<testsuite hostname="DESKTOP-2UFR1BS" failures="0" tests="1" name="Prem.CheckDigits" time="0.016" errors="0" timestamp="2022-12-01T11:26:15 IST" skipped="0">
  <testcase classname="Prem.CheckDigits" name="main" time="0.016"/>
  <system-out/>
</testsuite> <!-- Prem.CheckDigits -->
