<?xml version="1.0" encoding="UTF-8"?>
<!-- Generated by org.testng.reporters.JUnitReportReporter -->
<testsuite hostname="DESKTOP-VUHVFPU" failures="0" tests="1" name="CRUDOperationWithBDD.GetAllProjects" time="2.456" errors="0" timestamp="2022-11-09T17:35:51 IST" skipped="0">
  <testcase classname="CRUDOperationWithBDD.GetAllProjects" name="getAllProjects" time="2.456"/>
  <system-out/>
</testsuite> <!-- CRUDOperationWithBDD.GetAllProjects -->
