<?xml version="1.0" encoding="UTF-8"?>
<!-- Generated by org.testng.reporters.JUnitReportReporter -->
<testsuite hostname="DESKTOP-VUHVFPU" failures="0" tests="1" name="RequestChaining.PostAndGetRequestForRequestChainingWithoutBDD_SingleTest" time="2.612" errors="0" timestamp="2022-11-10T13:35:05 IST" skipped="0">
  <testcase classname="RequestChaining.PostAndGetRequestForRequestChainingWithoutBDD_SingleTest" name="CreateProjectByRequestChaining" time="2.612"/>
  <system-out/>
</testsuite> <!-- RequestChaining.PostAndGetRequestForRequestChainingWithoutBDD_SingleTest -->
