<?xml version="1.0" encoding="UTF-8"?>
<!-- Generated by org.testng.reporters.JUnitReportReporter -->
<testsuite hostname="DESKTOP-2UFR1BS" failures="0" tests="1" name="Prem.CheckDigits1" time="8.803" errors="0" timestamp="2022-12-01T16:18:16 IST" skipped="0">
  <testcase classname="Prem.CheckDigits1" name="main" time="8.803"/>
  <system-out/>
</testsuite> <!-- Prem.CheckDigits1 -->
