<?xml version="1.0" encoding="UTF-8"?>
<!-- Generated by org.testng.reporters.JUnitReportReporter -->
<testsuite hostname="DESKTOP-VUHVFPU" failures="0" tests="1" name="CRUDoperationwithoutBDDApproach.DeleteProjectTest" time="1.965" errors="0" timestamp="2022-11-04T15:18:09 IST" skipped="0">
  <testcase classname="CRUDoperationwithoutBDDApproach.DeleteProjectTest" name="deleteproject" time="1.965"/>
  <system-out/>
</testsuite> <!-- CRUDoperationwithoutBDDApproach.DeleteProjectTest -->
