<?xml version="1.0" encoding="UTF-8"?>
<!-- Generated by org.testng.reporters.JUnitReportReporter -->
<testsuite hostname="DESKTOP-VUHVFPU" failures="0" tests="1" name="Parameters.DeletePathParameters" time="1.767" errors="0" timestamp="2022-11-09T11:13:49 IST" skipped="0">
  <testcase classname="Parameters.DeletePathParameters" name="deleteparam" time="1.767"/>
  <system-out/>
</testsuite> <!-- Parameters.DeletePathParameters -->
