<?xml version="1.0" encoding="UTF-8"?>
<!-- Generated by org.testng.reporters.JUnitReportReporter -->
<testsuite hostname="DESKTOP-VUHVFPU" failures="0" tests="1" name="seralization.SerializationOfEmployeedetailsTest" time="0.227" errors="0" timestamp="3 Nov 2022 09:44:24 GMT">
  <testcase classname="seralization.SerializationOfEmployeedetailsTest" name="employeeDetails" time="0.227"/>
</testsuite> <!-- seralization.SerializationOfEmployeedetailsTest -->
