<?xml version="1.0" encoding="UTF-8"?>
<!-- Generated by org.testng.reporters.JUnitReportReporter -->
<testsuite hostname="DESKTOP-VUHVFPU" failures="0" tests="1" name="CRUDoperationwithoutBDDApproach.GetAllProjectTest" time="2.184" errors="0" timestamp="2022-11-09T15:41:21 IST" skipped="0">
  <testcase classname="CRUDoperationwithoutBDDApproach.GetAllProjectTest" name="getAllproject" time="2.184"/>
  <system-out/>
</testsuite> <!-- CRUDoperationwithoutBDDApproach.GetAllProjectTest -->
